<?xml version="1.0" encoding="UTF-8"?>
<!-- Generated by org.testng.reporters.JUnitReportReporter -->
<testsuite hostname="DESKTOP-UKG2FJD" failures="0" tests="1" name="vtiger.contactTests.CreteContactTest" time="25.168" errors="0" timestamp="2025-03-29T11:04:12 IST" skipped="0">
  <testcase classname="vtiger.contactTests.CreteContactTest" name="tc1" time="25.168"/>
</testsuite> <!-- vtiger.contactTests.CreteContactTest -->
