<?xml version="1.0" encoding="UTF-8"?>
<!-- Generated by org.testng.reporters.JUnitReportReporter -->
<testsuite hostname="DESKTOP-UKG2FJD" failures="0" tests="3" name="vtiger.tesng.practise.Threetestsinsameclass" time="0.056" errors="0" timestamp="2025-04-02T11:04:21 IST" skipped="0">
  <testcase classname="vtiger.tesng.practise.Threetestsinsameclass" name="tc2" time="0.013"/>
  <testcase classname="vtiger.tesng.practise.Threetestsinsameclass" name="tc3" time="0.018">
    <system-out>
      <![CDATA[Test-----> 3]]>
    </system-out>
  </testcase> <!-- tc3 -->
  <testcase classname="vtiger.tesng.practise.Threetestsinsameclass" name="tc1" time="0.025"/>
  <system-out>
    <![CDATA[after method2
after method2
Test-----> 3
after method2]]>
  </system-out>
</testsuite> <!-- vtiger.tesng.practise.Threetestsinsameclass -->
