<?xml version="1.0" encoding="UTF-8"?>
<!-- Generated by org.testng.reporters.JUnitReportReporter -->
<testsuite hostname="DESKTOP-UKG2FJD" failures="0" tests="1" name="vtiger.testcase.pom.Testcase1" time="21.445" errors="0" timestamp="2025-03-30T15:02:11 IST" skipped="0">
  <testcase classname="vtiger.testcase.pom.Testcase1" name="tc1" time="21.445"/>
</testsuite> <!-- vtiger.testcase.pom.Testcase1 -->
