<?xml version="1.0" encoding="UTF-8"?>
<!-- Generated by org.testng.reporters.JUnitReportReporter -->
<testsuite hostname="DESKTOP-UKG2FJD" failures="0" tests="3" name="vtiger.practise.DataProviderPractise" time="0.038" errors="0" timestamp="2025-03-31T21:41:18 IST" skipped="0">
  <testcase classname="vtiger.practise.DataProviderPractise" name="tc1" time="0.008"/>
  <testcase classname="vtiger.practise.DataProviderPractise" name="tc1" time="0.004"/>
  <testcase classname="vtiger.practise.DataProviderPractise" name="tc1" time="0.026"/>
</testsuite> <!-- vtiger.practise.DataProviderPractise -->
