<?xml version="1.0" encoding="UTF-8"?>
<!-- Generated by org.testng.reporters.JUnitReportReporter -->
<testsuite hostname="DESKTOP-UKG2FJD" failures="0" tests="1" name="vtiger.practise.BaseclassPractise" time="0.023" errors="0" timestamp="2025-04-01T14:35:28 IST" skipped="0">
  <testcase classname="vtiger.practise.BaseclassPractise" name="test1" time="0.023"/>
</testsuite> <!-- vtiger.practise.BaseclassPractise -->
