<?xml version="1.0" encoding="UTF-8"?>
<!-- Generated by org.testng.reporters.JUnitReportReporter -->
<testsuite hostname="DESKTOP-UKG2FJD" failures="0" tests="1" name="vtiger.practise.ReadDataFromCmdLine" time="0.017" errors="0" timestamp="2025-04-03T19:07:00 IST" skipped="0">
  <testcase classname="vtiger.practise.ReadDataFromCmdLine" name="readdata" time="0.017"/>
</testsuite> <!-- vtiger.practise.ReadDataFromCmdLine -->
